<?xml version="1.0" encoding="UTF-8"?>
<!-- Generated by org.testng.reporters.JUnitReportReporter -->
<testsuite hostname="BBATSALE-LTW7" name="tests.LoginTest" tests="1" failures="0" timestamp="20 Dec 2013 08:22:00 GMT" time="0.035" errors="0">
  <testcase name="isUserLoggedIn" time="0.035" classname="tests.LoginTest"/>
</testsuite> <!-- tests.LoginTest -->
